<?xml version="1.0" encoding="UTF-8"?>
<testsuite xmlns:xsi="http://www.w3.org/2001/XMLSchema-instance" xsi:noNamespaceSchemaLocation="https://maven.apache.org/surefire/maven-surefire-plugin/xsd/surefire-test-report-3.0.xsd" version="3.0" name="com.example.AppTest" time="0.022" tests="1" errors="0" skipped="0" failures="0">
  <properties>
    <property name="java.specification.version" value="21"/>
    <property name="sun.cpu.isalist" value="amd64"/>
    <property name="sun.jnu.encoding" value="Cp1252"/>
    <property name="java.class.path" value="C:\Users\wilet\Documents\Mastere_CTO_Tech_Lead\Java2025\cdc-project\target\test-classes;C:\Users\wilet\Documents\Mastere_CTO_Tech_Lead\Java2025\cdc-project\target\classes;C:\Users\wilet\.m2\repository\junit\junit\3.8.1\junit-3.8.1.jar;C:\Users\wilet\.m2\repository\org\bouncycastle\bcprov-jdk15on\1.70\bcprov-jdk15on-1.70.jar;C:\Users\wilet\.m2\repository\org\postgresql\postgresql\42.5.4\postgresql-42.5.4.jar;C:\Users\wilet\.m2\repository\org\checkerframework\checker-qual\3.5.0\checker-qual-3.5.0.jar;C:\Users\wilet\.m2\repository\org\xerial\snappy\snappy-java\1.1.10.1\snappy-java-1.1.10.1.jar;"/>
    <property name="java.vm.vendor" value="Oracle Corporation"/>
    <property name="sun.arch.data.model" value="64"/>
    <property name="user.variant" value=""/>
    <property name="java.vendor.url" value="https://java.oracle.com/"/>
    <property name="user.timezone" value="Europe/Paris"/>
    <property name="os.name" value="Windows 11"/>
    <property name="java.vm.specification.version" value="21"/>
    <property name="sun.java.launcher" value="SUN_STANDARD"/>
    <property name="user.country" value="FR"/>
    <property name="sun.boot.library.path" value="C:\Program Files\Java\jdk-21\bin"/>
    <property name="sun.java.command" value="C:\Users\wilet\AppData\Local\Temp\surefire6454738022701666383\surefirebooter-20250221114848578_3.jar C:\Users\wilet\AppData\Local\Temp\surefire6454738022701666383 2025-02-21T11-48-48_441-jvmRun1 surefire-20250221114848578_1tmp surefire_0-20250221114848578_2tmp"/>
    <property name="jdk.debug" value="release"/>
    <property name="surefire.test.class.path" value="C:\Users\wilet\Documents\Mastere_CTO_Tech_Lead\Java2025\cdc-project\target\test-classes;C:\Users\wilet\Documents\Mastere_CTO_Tech_Lead\Java2025\cdc-project\target\classes;C:\Users\wilet\.m2\repository\junit\junit\3.8.1\junit-3.8.1.jar;C:\Users\wilet\.m2\repository\org\bouncycastle\bcprov-jdk15on\1.70\bcprov-jdk15on-1.70.jar;C:\Users\wilet\.m2\repository\org\postgresql\postgresql\42.5.4\postgresql-42.5.4.jar;C:\Users\wilet\.m2\repository\org\checkerframework\checker-qual\3.5.0\checker-qual-3.5.0.jar;C:\Users\wilet\.m2\repository\org\xerial\snappy\snappy-java\1.1.10.1\snappy-java-1.1.10.1.jar;"/>
    <property name="sun.cpu.endian" value="little"/>
    <property name="user.home" value="C:\Users\wilet"/>
    <property name="user.language" value="fr"/>
    <property name="java.specification.vendor" value="Oracle Corporation"/>
    <property name="java.version.date" value="2023-10-17"/>
    <property name="java.home" value="C:\Program Files\Java\jdk-21"/>
    <property name="file.separator" value="\"/>
    <property name="basedir" value="C:\Users\wilet\Documents\Mastere_CTO_Tech_Lead\Java2025\cdc-project"/>
    <property name="java.vm.compressedOopsMode" value="Zero based"/>
    <property name="line.separator" value="&#10;"/>
    <property name="java.vm.specification.vendor" value="Oracle Corporation"/>
    <property name="java.specification.name" value="Java Platform API Specification"/>
    <property name="surefire.real.class.path" value="C:\Users\wilet\AppData\Local\Temp\surefire6454738022701666383\surefirebooter-20250221114848578_3.jar"/>
    <property name="user.script" value=""/>
    <property name="sun.management.compiler" value="HotSpot 64-Bit Tiered Compilers"/>
    <property name="java.runtime.version" value="21.0.1+12-LTS-29"/>
    <property name="user.name" value="wilethan"/>
    <property name="stdout.encoding" value="Cp1252"/>
    <property name="path.separator" value=";"/>
    <property name="os.version" value="10.0"/>
    <property name="java.runtime.name" value="Java(TM) SE Runtime Environment"/>
    <property name="file.encoding" value="UTF-8"/>
    <property name="java.vm.name" value="Java HotSpot(TM) 64-Bit Server VM"/>
    <property name="localRepository" value="C:\Users\wilet\.m2\repository"/>
    <property name="java.vendor.url.bug" value="https://bugreport.java.com/bugreport/"/>
    <property name="java.io.tmpdir" value="C:\Users\wilet\AppData\Local\Temp\"/>
    <property name="java.version" value="21.0.1"/>
    <property name="user.dir" value="C:\Users\wilet\Documents\Mastere_CTO_Tech_Lead\Java2025\cdc-project"/>
    <property name="os.arch" value="amd64"/>
    <property name="java.vm.specification.name" value="Java Virtual Machine Specification"/>
    <property name="sun.os.patch.level" value=""/>
    <property name="native.encoding" value="Cp1252"/>
    <property name="java.library.path" value="C:\Program Files\Java\jdk-21\bin;C:\WINDOWS\Sun\Java\bin;C:\WINDOWS\system32;C:\WINDOWS;C:\Program Files\Common Files\Oracle\Java\javapath;C:\Program Files\Volta\;C:\Program Files (x86)\Common Files\Oracle\Java\javapath;C:\Windows\system32;C:\Windows;C:\Windows\System32\Wbem;C:\Windows\System32\WindowsPowerShell\v1.0\;C:\Windows\System32\OpenSSH\;C:\Program Files\NVIDIA Corporation\NVIDIA NvDLISR;C:\Program Files (x86)\NVIDIA Corporation\PhysX\Common;C:\Program Files\dotnet\;C:\ProgramData\chocolatey\bin;C:\Program Files\playit_gg\bin\;C:\WINDOWS\system32;C:\WINDOWS;C:\WINDOWS\System32\Wbem;C:\WINDOWS\System32\WindowsPowerShell\v1.0\;C:\WINDOWS\System32\OpenSSH\;C:\Program Files\Git\cmd;C:\Program Files\Amazon\AWSCLIV2\;C:\Program Files\Docker\Docker\resources\bin;C:\Program Files\nodejs\;C:\Program Files\Go\bin;C:\Users\wilet\AppData\Local\Volta\bin;C:\Users\wilet\AppData\Local\Microsoft\WindowsApps;C:\Users\wilet\AppData\Local\Programs\Microsoft VS Code\bin;C:\Users\wilet\.dotnet\tools;C:\Program Files\hugo;C:\Users\wilet\AppData\Local\Programs\Python\Python312;C:\Python312;C:\Program Files\Apache-maven-3.9.6\bin;C:\Users\wilet\AppData\Roaming\npm;C:\Users\wilet\Documents\Mastere_CTO_Tech_Lead\Flutter\flutter\bin;C:\Users\wilet\AppData\Local\Android\Sdk\emulator;C:\msys64\mingw64;C:\Users\wilet\Documents\Mastere_CTO_Tech_Lead\optimisation-sample\OpenSSL-Win64\bin;C:\Program Files\PostgreSQL\17\bin;C:\Users\wilet\go\bin;C:\Program Files\Go\bin;;c:\Users\wilet\AppData\Roaming\Code\User\globalStorage\github.copilot-chat\debugCommand;."/>
    <property name="java.vm.info" value="mixed mode, sharing"/>
    <property name="stderr.encoding" value="Cp1252"/>
    <property name="java.vendor" value="Oracle Corporation"/>
    <property name="java.vm.version" value="21.0.1+12-LTS-29"/>
    <property name="sun.io.unicode.encoding" value="UnicodeLittle"/>
    <property name="java.class.version" value="65.0"/>
  </properties>
  <testcase name="testApp" classname="com.example.AppTest" time="0.004"/>
</testsuite>